build/app/intermediates/manifest_merge_blame_file/debug/manifest-merger-blame-debug-report.txt
1<?xml version="1.0" encoding="utf-8"?>
2<manifest xmlns:android="http://schemas.android.com/apk/res/android"
3    package="com.applore_assignment.applore_assignment_app"
4    android:versionCode="1"
5    android:versionName="1.0.0" >
6
7    <uses-sdk
8        android:minSdkVersion="21"
9        android:targetSdkVersion="31" />
10    <!--
11         Flutter needs it to communicate with the running application
12         to allow setting breakpoints, to provide hot reload, etc.
13    -->
14    <uses-permission android:name="android.permission.INTERNET" />
14-->src/debug/AndroidManifest.xml:6:5-66
14-->src/debug/AndroidManifest.xml:6:22-64
15
16    <queries>
16-->[:twitter_login] AndroidManifest.xml:7:5-11:15
17        <intent>
17-->[:twitter_login] AndroidManifest.xml:8:9-10:18
18            <action android:name="android.support.customtabs.action.CustomTabsService" />
18-->[:twitter_login] AndroidManifest.xml:9:13-90
18-->[:twitter_login] AndroidManifest.xml:9:21-87
19        </intent>
20    </queries> <!-- Although the *SdkVersion is captured in gradle build files, this is required for non gradle builds -->
21    <!-- <uses-sdk android:minSdkVersion="14" /> -->
22    <uses-permission android:name="android.permission.ACCESS_NETWORK_STATE" />
22-->[com.google.firebase:firebase-firestore:24.0.0] AndroidManifest.xml:13:5-79
22-->[com.google.firebase:firebase-firestore:24.0.0] AndroidManifest.xml:13:22-76
23    <uses-permission android:name="com.google.android.finsky.permission.BIND_GET_INSTALL_REFERRER_SERVICE" />
23-->[com.android.installreferrer:installreferrer:1.0] AndroidManifest.xml:9:5-110
23-->[com.android.installreferrer:installreferrer:1.0] AndroidManifest.xml:9:22-107
24
25    <application
26        android:name="android.app.Application"
27        android:appComponentFactory="androidx.core.app.CoreComponentFactory"
27-->[androidx.core:core:1.6.0] AndroidManifest.xml:24:18-86
28        android:debuggable="true"
29        android:icon="@mipmap/ic_launcher"
30        android:label="applore_assignment_app"
31        android:supportsRtl="true" >
31-->[com.facebook.android:facebook-login:12.1.0] AndroidManifest.xml:28:18-44
32        <activity
33            android:name="com.applore_assignment.applore_assignment_app.MainActivity"
34            android:configChanges="orientation|keyboardHidden|keyboard|screenSize|smallestScreenSize|locale|layoutDirection|fontScale|screenLayout|density|uiMode"
35            android:exported="true"
36            android:hardwareAccelerated="true"
37            android:launchMode="singleTop"
38            android:theme="@style/LaunchTheme"
39            android:windowSoftInputMode="adjustResize" >
40
41            <!--
42                 Specifies an Android theme to apply to this Activity as soon as
43                 the Android process has started. This theme is visible to the user
44                 while the Flutter UI initializes. After that, this theme continues
45                 to determine the Window background behind the Flutter UI.
46            -->
47            <meta-data
48                android:name="io.flutter.embedding.android.NormalTheme"
49                android:resource="@style/NormalTheme" />
50
51            <intent-filter>
52                <action android:name="android.intent.action.MAIN" />
53
54                <category android:name="android.intent.category.LAUNCHER" />
55            </intent-filter>
56        </activity>
57        <!--
58             Don't delete the meta-data below.
59             This is used by the Flutter tool to generate GeneratedPluginRegistrant.java
60        -->
61        <meta-data
62            android:name="flutterEmbedding"
63            android:value="2" />
64
65        <service
65-->[:firebase_dynamic_links] AndroidManifest.xml:10:9-14:19
66            android:name="com.google.firebase.components.ComponentDiscoveryService"
66-->[:firebase_dynamic_links] AndroidManifest.xml:10:18-89
67            android:directBootAware="true"
67-->[com.google.firebase:firebase-common:20.0.0] AndroidManifest.xml:35:13-43
68            android:exported="false" >
68-->[com.google.firebase:firebase-firestore:24.0.0] AndroidManifest.xml:19:13-37
69            <meta-data
69-->[:firebase_dynamic_links] AndroidManifest.xml:11:13-13:85
70                android:name="com.google.firebase.components:io.flutter.plugins.firebase.dynamiclinks.FlutterFirebaseAppRegistrar"
70-->[:firebase_dynamic_links] AndroidManifest.xml:12:17-131
71                android:value="com.google.firebase.components.ComponentRegistrar" />
71-->[:firebase_dynamic_links] AndroidManifest.xml:13:17-82
72            <meta-data
72-->[:cloud_firestore] AndroidManifest.xml:9:13-11:85
73                android:name="com.google.firebase.components:io.flutter.plugins.firebase.firestore.FlutterFirebaseFirestoreRegistrar"
73-->[:cloud_firestore] AndroidManifest.xml:10:17-134
74                android:value="com.google.firebase.components.ComponentRegistrar" />
74-->[:cloud_firestore] AndroidManifest.xml:11:17-82
75            <meta-data
75-->[:firebase_database] AndroidManifest.xml:9:13-11:85
76                android:name="com.google.firebase.components:io.flutter.plugins.firebase.database.FlutterFirebaseAppRegistrar"
76-->[:firebase_database] AndroidManifest.xml:10:17-127
77                android:value="com.google.firebase.components.ComponentRegistrar" />
77-->[:firebase_database] AndroidManifest.xml:11:17-82
78            <meta-data
78-->[:firebase_auth] AndroidManifest.xml:9:13-11:85
79                android:name="com.google.firebase.components:io.flutter.plugins.firebase.auth.FlutterFirebaseAuthRegistrar"
79-->[:firebase_auth] AndroidManifest.xml:10:17-124
80                android:value="com.google.firebase.components.ComponentRegistrar" />
80-->[:firebase_auth] AndroidManifest.xml:11:17-82
81            <meta-data
81-->[:firebase_core] AndroidManifest.xml:9:13-11:85
82                android:name="com.google.firebase.components:io.flutter.plugins.firebase.core.FlutterFirebaseCoreRegistrar"
82-->[:firebase_core] AndroidManifest.xml:10:17-124
83                android:value="com.google.firebase.components.ComponentRegistrar" />
83-->[:firebase_core] AndroidManifest.xml:11:17-82
84            <meta-data
84-->[com.google.firebase:firebase-firestore:24.0.0] AndroidManifest.xml:20:13-22:85
85                android:name="com.google.firebase.components:com.google.firebase.firestore.FirestoreRegistrar"
85-->[com.google.firebase:firebase-firestore:24.0.0] AndroidManifest.xml:21:17-111
86                android:value="com.google.firebase.components.ComponentRegistrar" />
86-->[com.google.firebase:firebase-firestore:24.0.0] AndroidManifest.xml:22:17-82
87            <meta-data
87-->[com.google.firebase:firebase-dynamic-links:21.0.0] AndroidManifest.xml:27:13-29:85
88                android:name="com.google.firebase.components:com.google.firebase.dynamiclinks.internal.FirebaseDynamicLinkRegistrar"
88-->[com.google.firebase:firebase-dynamic-links:21.0.0] AndroidManifest.xml:28:17-133
89                android:value="com.google.firebase.components.ComponentRegistrar" />
89-->[com.google.firebase:firebase-dynamic-links:21.0.0] AndroidManifest.xml:29:17-82
90            <meta-data
90-->[com.google.firebase:firebase-auth:21.0.1] AndroidManifest.xml:77:13-79:85
91                android:name="com.google.firebase.components:com.google.firebase.auth.FirebaseAuthRegistrar"
91-->[com.google.firebase:firebase-auth:21.0.1] AndroidManifest.xml:78:17-109
92                android:value="com.google.firebase.components.ComponentRegistrar" />
92-->[com.google.firebase:firebase-auth:21.0.1] AndroidManifest.xml:79:17-82
93            <meta-data
93-->[com.google.firebase:firebase-database:20.0.2] AndroidManifest.xml:32:13-34:85
94                android:name="com.google.firebase.components:com.google.firebase.database.DatabaseRegistrar"
94-->[com.google.firebase:firebase-database:20.0.2] AndroidManifest.xml:33:17-109
95                android:value="com.google.firebase.components.ComponentRegistrar" />
95-->[com.google.firebase:firebase-database:20.0.2] AndroidManifest.xml:34:17-82
96        </service>
97
98        <activity android:name="com.maru.twitter_login.chrome_custom_tabs.ChromeCustomTabsActivity" />
98-->[:twitter_login] AndroidManifest.xml:14:9-103
98-->[:twitter_login] AndroidManifest.xml:14:19-100
99        <activity
99-->[com.facebook.android:facebook-common:12.1.0] AndroidManifest.xml:30:9-33:66
100            android:name="com.facebook.FacebookActivity"
100-->[com.facebook.android:facebook-common:12.1.0] AndroidManifest.xml:31:13-57
101            android:configChanges="keyboard|keyboardHidden|screenLayout|screenSize|orientation"
101-->[com.facebook.android:facebook-common:12.1.0] AndroidManifest.xml:32:13-96
102            android:theme="@style/com_facebook_activity_theme" />
102-->[com.facebook.android:facebook-common:12.1.0] AndroidManifest.xml:33:13-63
103        <activity android:name="com.facebook.CustomTabMainActivity" />
103-->[com.facebook.android:facebook-common:12.1.0] AndroidManifest.xml:34:9-71
103-->[com.facebook.android:facebook-common:12.1.0] AndroidManifest.xml:34:19-68
104        <activity
104-->[com.facebook.android:facebook-common:12.1.0] AndroidManifest.xml:35:9-49:20
105            android:name="com.facebook.CustomTabActivity"
105-->[com.facebook.android:facebook-common:12.1.0] AndroidManifest.xml:36:13-58
106            android:exported="true" >
106-->[com.facebook.android:facebook-common:12.1.0] AndroidManifest.xml:37:13-36
107            <intent-filter>
107-->[com.facebook.android:facebook-common:12.1.0] AndroidManifest.xml:39:13-48:29
108                <action android:name="android.intent.action.VIEW" />
108-->[com.facebook.android:facebook-common:12.1.0] AndroidManifest.xml:40:17-69
108-->[com.facebook.android:facebook-common:12.1.0] AndroidManifest.xml:40:25-66
109
110                <category android:name="android.intent.category.DEFAULT" />
110-->[com.facebook.android:facebook-common:12.1.0] AndroidManifest.xml:42:17-76
110-->[com.facebook.android:facebook-common:12.1.0] AndroidManifest.xml:42:27-73
111                <category android:name="android.intent.category.BROWSABLE" />
111-->[com.facebook.android:facebook-common:12.1.0] AndroidManifest.xml:43:17-78
111-->[com.facebook.android:facebook-common:12.1.0] AndroidManifest.xml:43:27-75
112
113                <data
113-->[com.facebook.android:facebook-common:12.1.0] AndroidManifest.xml:45:17-47:50
114                    android:host="cct.com.applore_assignment.applore_assignment_app"
114-->[com.facebook.android:facebook-common:12.1.0] AndroidManifest.xml:46:21-56
115                    android:scheme="fbconnect" />
115-->[com.facebook.android:facebook-common:12.1.0] AndroidManifest.xml:47:21-47
116            </intent-filter>
117        </activity>
118        <!--
119         The initialization ContentProvider will call FacebookSdk.sdkInitialize automatically
120         with the application context. This config is merged in with the host app's manifest,
121         but there can only be one provider with the same authority activated at any given
122         point; so if the end user has two or more different apps that use Facebook SDK, only the
123         first one will be able to use the provider. To work around this problem, we use the
124         following placeholder in the authority to identify each host application as if it was
125         a completely different provider.
126        -->
127        <provider
127-->[com.facebook.android:facebook-core:12.1.0] AndroidManifest.xml:39:9-42:40
128            android:name="com.facebook.internal.FacebookInitProvider"
128-->[com.facebook.android:facebook-core:12.1.0] AndroidManifest.xml:40:13-70
129            android:authorities="com.applore_assignment.applore_assignment_app.FacebookInitProvider"
129-->[com.facebook.android:facebook-core:12.1.0] AndroidManifest.xml:41:13-72
130            android:exported="false" />
130-->[com.facebook.android:facebook-core:12.1.0] AndroidManifest.xml:42:13-37
131
132        <receiver
132-->[com.facebook.android:facebook-core:12.1.0] AndroidManifest.xml:44:9-50:20
133            android:name="com.facebook.CurrentAccessTokenExpirationBroadcastReceiver"
133-->[com.facebook.android:facebook-core:12.1.0] AndroidManifest.xml:45:13-86
134            android:exported="false" >
134-->[com.facebook.android:facebook-core:12.1.0] AndroidManifest.xml:46:13-37
135            <intent-filter>
135-->[com.facebook.android:facebook-core:12.1.0] AndroidManifest.xml:47:13-49:29
136                <action android:name="com.facebook.sdk.ACTION_CURRENT_ACCESS_TOKEN_CHANGED" />
136-->[com.facebook.android:facebook-core:12.1.0] AndroidManifest.xml:48:17-95
136-->[com.facebook.android:facebook-core:12.1.0] AndroidManifest.xml:48:25-92
137            </intent-filter>
138        </receiver>
139        <receiver
139-->[com.facebook.android:facebook-core:12.1.0] AndroidManifest.xml:51:9-57:20
140            android:name="com.facebook.AuthenticationTokenManager$CurrentAuthenticationTokenChangedBroadcastReceiver"
140-->[com.facebook.android:facebook-core:12.1.0] AndroidManifest.xml:52:13-118
141            android:exported="false" >
141-->[com.facebook.android:facebook-core:12.1.0] AndroidManifest.xml:53:13-37
142            <intent-filter>
142-->[com.facebook.android:facebook-core:12.1.0] AndroidManifest.xml:54:13-56:29
143                <action android:name="com.facebook.sdk.ACTION_CURRENT_AUTHENTICATION_TOKEN_CHANGED" />
143-->[com.facebook.android:facebook-core:12.1.0] AndroidManifest.xml:55:17-103
143-->[com.facebook.android:facebook-core:12.1.0] AndroidManifest.xml:55:25-100
144            </intent-filter>
145        </receiver>
146
147        <activity
147-->[com.google.android.gms:play-services-auth:16.0.1] AndroidManifest.xml:23:9-27:75
148            android:name="com.google.android.gms.auth.api.signin.internal.SignInHubActivity"
148-->[com.google.android.gms:play-services-auth:16.0.1] AndroidManifest.xml:24:13-93
149            android:excludeFromRecents="true"
149-->[com.google.android.gms:play-services-auth:16.0.1] AndroidManifest.xml:25:13-46
150            android:exported="false"
150-->[com.google.android.gms:play-services-auth:16.0.1] AndroidManifest.xml:26:13-37
151            android:theme="@android:style/Theme.Translucent.NoTitleBar" />
151-->[com.google.android.gms:play-services-auth:16.0.1] AndroidManifest.xml:27:13-72
152        <!--
153            Service handling Google Sign-In user revocation. For apps that do not integrate with
154            Google Sign-In, this service will never be started.
155        -->
156        <service
156-->[com.google.android.gms:play-services-auth:16.0.1] AndroidManifest.xml:33:9-36:110
157            android:name="com.google.android.gms.auth.api.signin.RevocationBoundService"
157-->[com.google.android.gms:play-services-auth:16.0.1] AndroidManifest.xml:34:13-89
158            android:exported="true"
158-->[com.google.android.gms:play-services-auth:16.0.1] AndroidManifest.xml:35:13-36
159            android:permission="com.google.android.gms.auth.api.signin.permission.REVOCATION_NOTIFICATION" />
159-->[com.google.android.gms:play-services-auth:16.0.1] AndroidManifest.xml:36:13-107
160
161        <activity
161-->[com.google.firebase:firebase-auth:21.0.1] AndroidManifest.xml:27:9-44:20
162            android:name="com.google.firebase.auth.internal.GenericIdpActivity"
162-->[com.google.firebase:firebase-auth:21.0.1] AndroidManifest.xml:28:13-80
163            android:excludeFromRecents="true"
163-->[com.google.firebase:firebase-auth:21.0.1] AndroidManifest.xml:29:13-46
164            android:exported="true"
164-->[com.google.firebase:firebase-auth:21.0.1] AndroidManifest.xml:30:13-36
165            android:launchMode="singleTask"
165-->[com.google.firebase:firebase-auth:21.0.1] AndroidManifest.xml:31:13-44
166            android:theme="@android:style/Theme.Translucent.NoTitleBar" >
166-->[com.google.firebase:firebase-auth:21.0.1] AndroidManifest.xml:32:13-72
167            <intent-filter>
167-->[com.google.firebase:firebase-auth:21.0.1] AndroidManifest.xml:33:13-43:29
168                <action android:name="android.intent.action.VIEW" />
168-->[com.facebook.android:facebook-common:12.1.0] AndroidManifest.xml:40:17-69
168-->[com.facebook.android:facebook-common:12.1.0] AndroidManifest.xml:40:25-66
169
170                <category android:name="android.intent.category.DEFAULT" />
170-->[com.facebook.android:facebook-common:12.1.0] AndroidManifest.xml:42:17-76
170-->[com.facebook.android:facebook-common:12.1.0] AndroidManifest.xml:42:27-73
171                <category android:name="android.intent.category.BROWSABLE" />
171-->[com.facebook.android:facebook-common:12.1.0] AndroidManifest.xml:43:17-78
171-->[com.facebook.android:facebook-common:12.1.0] AndroidManifest.xml:43:27-75
172
173                <data
173-->[com.facebook.android:facebook-common:12.1.0] AndroidManifest.xml:45:17-47:50
174                    android:host="firebase.auth"
174-->[com.facebook.android:facebook-common:12.1.0] AndroidManifest.xml:46:21-56
175                    android:path="/"
176                    android:scheme="genericidp" />
176-->[com.facebook.android:facebook-common:12.1.0] AndroidManifest.xml:47:21-47
177            </intent-filter>
178        </activity>
179        <activity
179-->[com.google.firebase:firebase-auth:21.0.1] AndroidManifest.xml:45:9-62:20
180            android:name="com.google.firebase.auth.internal.RecaptchaActivity"
180-->[com.google.firebase:firebase-auth:21.0.1] AndroidManifest.xml:46:13-79
181            android:excludeFromRecents="true"
181-->[com.google.firebase:firebase-auth:21.0.1] AndroidManifest.xml:47:13-46
182            android:exported="true"
182-->[com.google.firebase:firebase-auth:21.0.1] AndroidManifest.xml:48:13-36
183            android:launchMode="singleTask"
183-->[com.google.firebase:firebase-auth:21.0.1] AndroidManifest.xml:49:13-44
184            android:theme="@android:style/Theme.Translucent.NoTitleBar" >
184-->[com.google.firebase:firebase-auth:21.0.1] AndroidManifest.xml:50:13-72
185            <intent-filter>
185-->[com.google.firebase:firebase-auth:21.0.1] AndroidManifest.xml:51:13-61:29
186                <action android:name="android.intent.action.VIEW" />
186-->[com.facebook.android:facebook-common:12.1.0] AndroidManifest.xml:40:17-69
186-->[com.facebook.android:facebook-common:12.1.0] AndroidManifest.xml:40:25-66
187
188                <category android:name="android.intent.category.DEFAULT" />
188-->[com.facebook.android:facebook-common:12.1.0] AndroidManifest.xml:42:17-76
188-->[com.facebook.android:facebook-common:12.1.0] AndroidManifest.xml:42:27-73
189                <category android:name="android.intent.category.BROWSABLE" />
189-->[com.facebook.android:facebook-common:12.1.0] AndroidManifest.xml:43:17-78
189-->[com.facebook.android:facebook-common:12.1.0] AndroidManifest.xml:43:27-75
190
191                <data
191-->[com.facebook.android:facebook-common:12.1.0] AndroidManifest.xml:45:17-47:50
192                    android:host="firebase.auth"
192-->[com.facebook.android:facebook-common:12.1.0] AndroidManifest.xml:46:21-56
193                    android:path="/"
194                    android:scheme="recaptcha" />
194-->[com.facebook.android:facebook-common:12.1.0] AndroidManifest.xml:47:21-47
195            </intent-filter>
196        </activity>
197
198        <service
198-->[com.google.firebase:firebase-auth:21.0.1] AndroidManifest.xml:64:9-73:19
199            android:name="com.google.firebase.auth.api.fallback.service.FirebaseAuthFallbackService"
199-->[com.google.firebase:firebase-auth:21.0.1] AndroidManifest.xml:65:13-101
200            android:enabled="true"
200-->[com.google.firebase:firebase-auth:21.0.1] AndroidManifest.xml:66:13-35
201            android:exported="false" >
201-->[com.google.firebase:firebase-auth:21.0.1] AndroidManifest.xml:67:13-37
202            <intent-filter>
202-->[com.google.firebase:firebase-auth:21.0.1] AndroidManifest.xml:68:13-72:29
203                <action android:name="com.google.firebase.auth.api.gms.service.START" />
203-->[com.google.firebase:firebase-auth:21.0.1] AndroidManifest.xml:69:17-89
203-->[com.google.firebase:firebase-auth:21.0.1] AndroidManifest.xml:69:25-86
204
205                <category android:name="android.intent.category.DEFAULT" />
205-->[com.facebook.android:facebook-common:12.1.0] AndroidManifest.xml:42:17-76
205-->[com.facebook.android:facebook-common:12.1.0] AndroidManifest.xml:42:27-73
206            </intent-filter>
207        </service>
208
209        <activity
209-->[com.google.android.gms:play-services-base:17.6.0] AndroidManifest.xml:23:9-26:75
210            android:name="com.google.android.gms.common.api.GoogleApiActivity"
210-->[com.google.android.gms:play-services-base:17.6.0] AndroidManifest.xml:24:13-79
211            android:exported="false"
211-->[com.google.android.gms:play-services-base:17.6.0] AndroidManifest.xml:25:13-37
212            android:theme="@android:style/Theme.Translucent.NoTitleBar" />
212-->[com.google.android.gms:play-services-base:17.6.0] AndroidManifest.xml:26:13-72
213
214        <provider
214-->[com.google.firebase:firebase-common:20.0.0] AndroidManifest.xml:26:9-31:39
215            android:name="com.google.firebase.provider.FirebaseInitProvider"
215-->[com.google.firebase:firebase-common:20.0.0] AndroidManifest.xml:27:13-77
216            android:authorities="com.applore_assignment.applore_assignment_app.firebaseinitprovider"
216-->[com.google.firebase:firebase-common:20.0.0] AndroidManifest.xml:28:13-72
217            android:directBootAware="true"
217-->[com.google.firebase:firebase-common:20.0.0] AndroidManifest.xml:29:13-43
218            android:exported="false"
218-->[com.google.firebase:firebase-common:20.0.0] AndroidManifest.xml:30:13-37
219            android:initOrder="100" />
219-->[com.google.firebase:firebase-common:20.0.0] AndroidManifest.xml:31:13-36
220
221        <meta-data
221-->[com.google.android.gms:play-services-basement:17.6.0] AndroidManifest.xml:23:9-25:69
222            android:name="com.google.android.gms.version"
222-->[com.google.android.gms:play-services-basement:17.6.0] AndroidManifest.xml:24:13-58
223            android:value="@integer/google_play_services_version" />
223-->[com.google.android.gms:play-services-basement:17.6.0] AndroidManifest.xml:25:13-66
224    </application>
225
226</manifest>